<?xml version="1.0" encoding="UTF-8"?>
<robot generator="Robot 7.3.2 (Python 3.11.0 on win32)" generated="2026-02-15T12:56:17.671979" rpa="false" schemaversion="5">
<suite id="s1" name="Search" source="C:\Users\GENIUS\IdeaProjects\robotframeworkexemple\tests\search.robot">
<test id="s1-t1" name="User can do a search from the home page" line="12">
<kw name="Open Browser To Search Page" owner="search_page" type="SETUP">
<kw name="Open Browser To Page" owner="common">
<kw name="Run Keyword If" owner="BuiltIn">
<kw name="Open Chrome Browser To Page" owner="common">
<kw name="Prepare Driver" owner="helpers">
<msg time="2026-02-15T12:56:17.986001" level="INFO">====== WebDriver manager ======</msg>
<msg time="2026-02-15T12:56:18.997063" level="INFO">Get LATEST chromedriver version for google-chrome</msg>
<msg time="2026-02-15T12:56:19.031331" level="INFO">Get LATEST chromedriver version for google-chrome</msg>
<msg time="2026-02-15T12:56:19.066249" level="INFO">Driver [C:\Users\GENIUS\.wdm\drivers\chromedriver\win64\144.0.7559.133\chromedriver-win32/chromedriver.exe] found in cache</msg>
<arg>${browser}</arg>
<status status="PASS" start="2026-02-15T12:56:17.986001" elapsed="1.080248"/>
</kw>
<kw name="Evaluate" owner="BuiltIn">
<msg time="2026-02-15T12:56:19.067250" level="INFO">${chrome_options} = &lt;selenium.webdriver.chrome.options.Options object at 0x000001E04429AA50&gt;</msg>
<var>${chrome_options}</var>
<arg>sys.modules['selenium.webdriver.chrome.options'].Options()</arg>
<arg>sys</arg>
<doc>Evaluates the given expression in Python and returns the result.</doc>
<status status="PASS" start="2026-02-15T12:56:19.066249" elapsed="0.001001"/>
</kw>
<kw name="Run Keyword If" owner="BuiltIn">
<arg>${headless}</arg>
<arg>Call Method</arg>
<arg>${chrome_options}</arg>
<arg>add_argument</arg>
<arg>--headless</arg>
<doc>Runs the given keyword with the given arguments, if ``condition`` is true.</doc>
<status status="PASS" start="2026-02-15T12:56:19.067250" elapsed="0.000000"/>
</kw>
<kw name="Call Method" owner="BuiltIn">
<arg>${chrome_options}</arg>
<arg>add_argument</arg>
<arg>--disable-gpu</arg>
<doc>Calls the named method of the given object with the provided arguments.</doc>
<status status="PASS" start="2026-02-15T12:56:19.067250" elapsed="0.000000"/>
</kw>
<kw name="Call Method" owner="BuiltIn">
<arg>${chrome_options}</arg>
<arg>add_argument</arg>
<arg>--window-size\=1920,1080</arg>
<doc>Calls the named method of the given object with the provided arguments.</doc>
<status status="PASS" start="2026-02-15T12:56:19.067250" elapsed="0.000000"/>
</kw>
<kw name="Call Method" owner="BuiltIn">
<arg>${chrome_options}</arg>
<arg>add_argument</arg>
<arg>--user-agent\=Mozilla/5.0 (Windows NT 10.0; Win64; x64) AppleWebKit/537.36 (KHTML, like Gecko) Chrome/114.0.0.0 Safari/537.36</arg>
<doc>Calls the named method of the given object with the provided arguments.</doc>
<status status="PASS" start="2026-02-15T12:56:19.068250" elapsed="0.000000"/>
</kw>
<kw name="Create Webdriver" owner="SeleniumLibrary">
<msg time="2026-02-15T12:56:19.068250" level="INFO">Creating an instance of the Chrome WebDriver.</msg>
<arg>Chrome</arg>
<arg>options=${chrome_options}</arg>
<doc>Creates an instance of Selenium WebDriver.</doc>
<status status="PASS" start="2026-02-15T12:56:19.068250" elapsed="1.185991"/>
</kw>
<kw name="Maximize Browser Window" owner="SeleniumLibrary">
<doc>Maximizes current browser window.</doc>
<status status="PASS" start="2026-02-15T12:56:20.254241" elapsed="0.041196"/>
</kw>
<kw name="Go To" owner="SeleniumLibrary">
<msg time="2026-02-15T12:56:20.296445" level="INFO">Opening url 'https://duckduckgo.com/'</msg>
<arg>${page}</arg>
<doc>Navigates the current browser window to the provided ``url``.</doc>
<status status="PASS" start="2026-02-15T12:56:20.296445" elapsed="1.025443"/>
</kw>
<arg>${page}</arg>
<status status="PASS" start="2026-02-15T12:56:17.986001" elapsed="3.337316"/>
</kw>
<arg>'${browser}' == 'chrome'</arg>
<arg>Open Chrome Browser To Page</arg>
<arg>${page}</arg>
<arg>ELSE IF</arg>
<arg>'${browser}' == 'firefox'</arg>
<arg>Open Firefox Browser To Page</arg>
<arg>${page}</arg>
<arg>ELSE</arg>
<arg>Fatal Error</arg>
<arg>Incorrect Browser</arg>
<doc>Runs the given keyword with the given arguments, if ``condition`` is true.</doc>
<status status="PASS" start="2026-02-15T12:56:17.985274" elapsed="3.338043"/>
</kw>
<arg>${search_page}</arg>
<status status="PASS" start="2026-02-15T12:56:17.984262" elapsed="3.339055"/>
</kw>
<status status="PASS" start="2026-02-15T12:56:17.984262" elapsed="3.339055"/>
</kw>
<kw name="Input Text" owner="SeleniumLibrary">
<msg time="2026-02-15T12:56:21.324818" level="INFO">Typing text 'Robot Framework WebPage' into text field 'css:#searchbox_input'.</msg>
<arg>${search_input}</arg>
<arg>${search_text}</arg>
<doc>Types the given ``text`` into the text field identified by ``locator``.</doc>
<status status="PASS" start="2026-02-15T12:56:21.323317" elapsed="0.244601"/>
</kw>
<kw name="Press Keys" owner="SeleniumLibrary">
<msg time="2026-02-15T12:56:21.567918" level="INFO">Sending key(s) ('ENTER',) to css:#searchbox_input element.</msg>
<msg time="2026-02-15T12:56:21.854533" level="INFO">Pressing special key ENTER to element.</msg>
<msg time="2026-02-15T12:56:21.854533" level="INFO">Releasing special key ENTER.</msg>
<arg>${search_input}</arg>
<arg>ENTER</arg>
<doc>Simulates the user pressing key(s) to an element or on the active browser.</doc>
<status status="PASS" start="2026-02-15T12:56:21.567918" elapsed="0.301216"/>
</kw>
<kw name="Wait Until Page Contains Element" owner="SeleniumLibrary">
<arg>${result_links}</arg>
<doc>Waits until the element ``locator`` appears on the current page.</doc>
<status status="PASS" start="2026-02-15T12:56:21.869134" elapsed="1.469222"/>
</kw>
<kw name="Capture Page Screenshot" owner="SeleniumLibrary">
<msg time="2026-02-15T12:56:23.428554" level="INFO" html="true">&lt;/td&gt;&lt;/tr&gt;&lt;tr&gt;&lt;td colspan="3"&gt;&lt;a href="results.png"&gt;&lt;img src="results.png" width="800px"&gt;&lt;/a&gt;</msg>
<arg>results.png</arg>
<doc>Takes a screenshot of the current page and embeds it into a log file.</doc>
<status status="PASS" start="2026-02-15T12:56:23.338356" elapsed="0.090198"/>
</kw>
<kw name="Close Browser" owner="SeleniumLibrary" type="TEARDOWN">
<doc>Closes the current browser.</doc>
<status status="PASS" start="2026-02-15T12:56:23.428554" elapsed="2.133035"/>
</kw>
<status status="PASS" start="2026-02-15T12:56:17.983269" elapsed="7.578320"/>
</test>
<doc>Home Page Search Tests</doc>
<status status="PASS" start="2026-02-15T12:56:17.673984" elapsed="7.888606"/>
</suite>
<statistics>
<total>
<stat pass="1" fail="0" skip="0">All Tests</stat>
</total>
<tag>
</tag>
<suite>
<stat name="Search" id="s1" pass="1" fail="0" skip="0">Search</stat>
</suite>
</statistics>
<errors>
</errors>
</robot>
